<?xml version="1.0" encoding="UTF-8"?>
<!-- Generated by org.testng.reporters.JUnitReportReporter -->
<testsuite hostname="DESKTOP-4Q6IINH" failures="0" tests="1" name="com.runner.LumaTestRunner" time="0.609" errors="0" timestamp="2024-11-23T08:54:31 IST" skipped="0">
  <testcase classname="com.runner.LumaTestRunner" name="womenSearchModel" time="0.609"/>
  <system-out/>
</testsuite> <!-- com.runner.LumaTestRunner -->
